<?xml version="1.0" encoding="UTF-8"?>
<robot generator="Robot 3.1.1 (Python 3.7.3 on win32)" generated="20190626 16:15:31.340" rpa="false">
<suite id="s1" name="Appium Test" source="C:\traffic\testcase\appium_test.robot">
<kw name="Open Application" library="AppiumLibrary" type="setup">
<doc>Opens a new application to given Appium server.
Capabilities of appium server, Android and iOS,
Please check https://github.com/appium/appium/blob/master/docs/en/writing-running-appium/server-args.md
| *Option*            | *Man.* | *Description*     |
| remote_url          | Yes    | Appium server url |
| alias               | no     | alias             |</doc>
<arguments>
<arg>http://10.128.224.44:4723/wd/hub</arg>
<arg>platformName=Android</arg>
<arg>deviceName=CU360</arg>
<arg>udid=19YT01310139</arg>
<arg>app=F:\\Download\\Google Chrome Fast Secure_v74.0.3729.157_apkpure.com.apk</arg>
<arg>automationName=uiautomator2</arg>
</arguments>
<kw name="Capture Page Screenshot" library="AppiumLibrary">
<doc>Takes a screenshot of the current page and embeds it into the log.</doc>
<msg timestamp="20190626 16:15:32.780" level="FAIL">No application is open</msg>
<status status="FAIL" starttime="20190626 16:15:32.775" endtime="20190626 16:15:32.780"></status>
</kw>
<msg timestamp="20190626 16:15:32.781" level="WARN">Keyword 'Capture Page Screenshot' could not be run on failure: No application is open</msg>
<msg timestamp="20190626 16:15:32.784" level="FAIL">WebDriverException: Message: An unknown server-side error occurred while processing the command. Original error: packageAndLaunchActivityFromManifest failed. Original error: Command 'java -jar C\:\\Users\\lhoangphuong\\AppData\\Roaming\\npm\\node_modules\\appium\\node_modules\\appium-adb\\jars\\appium_apk_tools.jar printLaunchActivity 'F:\\Download\\Google Chrome Fast Secure_v74.0.3729.157_apkpure.com.apk' C\:\\Users\\LHOANG~1\\AppData\\Local\\Temp\\com.android.chrome' exited with code 1; StdErr: Exception in thread "main" brut.androlib.AndrolibException: Multiple res specs: anim/0_resource_name_obfuscated
	at brut.androlib.res.data.ResType.addResSpec(ResType.java:58)
	at brut.androlib.res.decoder.ARSCDecoder.readEntry(ARSCDecoder.java:182)
	at brut.androlib.res.decoder.ARSCDecoder.readConfig(ARSCDecoder.java:157)
	at brut.androlib.res.decoder.ARSCDecoder.readType(ARSCDecoder.java:125)
	at brut.androlib.res.decoder.ARSCDecoder.readPackage(ARSCDecoder.java:100)
	at brut.androlib.res.decoder.ARSCDecoder.readTable(ARSCDecoder.java:78)
	at brut.androlib.res.decoder.ARSCDecoder.decode(ARSCDecoder.java:47)
	at brut.androlib.res.AndrolibResources.getResPackagesFromApk(AndrolibResources.java:605)
	at brut.androlib.res.AndrolibResources.loadMainPkg(AndrolibResources.java:74)
	at brut.androlib.res.AndrolibResources.getResTable(AndrolibResources.java:66)
	at io.appium.apktools.AndroidManifestActivityHelper.decodeManifestXML(AndroidManifestActivityHelper.java:26)
	at io.appium.apktools.Main.main(Main.java:33)

</msg>
<status status="FAIL" starttime="20190626 16:15:31.517" endtime="20190626 16:15:32.784"></status>
</kw>
<test id="s1-t1" name="App Presents the Login Page When Launches">
<status status="FAIL" starttime="20190626 16:15:32.784" endtime="20190626 16:15:32.784" critical="yes">Parent suite setup failed:
WebDriverException: Message: An unknown server-side error occurred while processing the command. Original error: packageAndLaunchActivityFromManifest failed. Original error: Command 'java -jar C\:\\Users\\lhoangphuong\\AppData\\Roaming\\npm\\node_modules\\appium\\node_modules\\appium-adb\\jars\\appium_apk_tools.jar printLaunchActivity 'F:\\Download\\Google Chrome Fast Secure_v74.0.3729.157_apkpure.com.apk' C\:\\Users\\LHOANG~1\\AppData\\Local\\Temp\\com.android.chrome' exited with code 1; StdErr: Exception in thread "main" brut.androlib.AndrolibException: Multiple res specs: anim/0_resource_name_obfuscated
	at brut.androlib.res.data.ResType.addResSpec(ResType.java:58)
	at brut.androlib.res.decoder.ARSCDecoder.readEntry(ARSCDecoder.java:182)
	at brut.androlib.res.decoder.ARSCDecoder.readConfig(ARSCDecoder.java:157)
	at brut.androlib.res.decoder.ARSCDecoder.readType(ARSCDecoder.java:125)
	at brut.androlib.res.decoder.ARSCDecoder.readPackage(ARSCDecoder.java:100)
	at brut.androlib.res.decoder.ARSCDecoder.readTable(ARSCDecoder.java:78)
	at brut.androlib.res.decoder.ARSCDecoder.decode(ARSCDecoder.java:47)
	at brut.androlib.res.AndrolibResources.getResPackagesFromApk(AndrolibResources.java:605)
	at brut.androlib.res.AndrolibResources.loadMainPkg(AndrolibResources.java:74)
	at brut.androlib.res.AndrolibResources.getResTable(AndrolibResources.java:66)
	at io.appium.apktools.AndroidManifestActivityHelper.decodeManifestXML(AndroidManifestActivityHelper.java:26)
	at io.appium.apktools.Main.main(Main.java:33)

</status>
</test>
<test id="s1-t2" name="Move To Second Screen When Username And Password Are Not Empty">
<status status="FAIL" starttime="20190626 16:15:32.798" endtime="20190626 16:15:32.800" critical="yes">Parent suite setup failed:
WebDriverException: Message: An unknown server-side error occurred while processing the command. Original error: packageAndLaunchActivityFromManifest failed. Original error: Command 'java -jar C\:\\Users\\lhoangphuong\\AppData\\Roaming\\npm\\node_modules\\appium\\node_modules\\appium-adb\\jars\\appium_apk_tools.jar printLaunchActivity 'F:\\Download\\Google Chrome Fast Secure_v74.0.3729.157_apkpure.com.apk' C\:\\Users\\LHOANG~1\\AppData\\Local\\Temp\\com.android.chrome' exited with code 1; StdErr: Exception in thread "main" brut.androlib.AndrolibException: Multiple res specs: anim/0_resource_name_obfuscated
	at brut.androlib.res.data.ResType.addResSpec(ResType.java:58)
	at brut.androlib.res.decoder.ARSCDecoder.readEntry(ARSCDecoder.java:182)
	at brut.androlib.res.decoder.ARSCDecoder.readConfig(ARSCDecoder.java:157)
	at brut.androlib.res.decoder.ARSCDecoder.readType(ARSCDecoder.java:125)
	at brut.androlib.res.decoder.ARSCDecoder.readPackage(ARSCDecoder.java:100)
	at brut.androlib.res.decoder.ARSCDecoder.readTable(ARSCDecoder.java:78)
	at brut.androlib.res.decoder.ARSCDecoder.decode(ARSCDecoder.java:47)
	at brut.androlib.res.AndrolibResources.getResPackagesFromApk(AndrolibResources.java:605)
	at brut.androlib.res.AndrolibResources.loadMainPkg(AndrolibResources.java:74)
	at brut.androlib.res.AndrolibResources.getResTable(AndrolibResources.java:66)
	at io.appium.apktools.AndroidManifestActivityHelper.decodeManifestXML(AndroidManifestActivityHelper.java:26)
	at io.appium.apktools.Main.main(Main.java:33)

</status>
</test>
<test id="s1-t3" name="Show Login Failed If Username Or Password IS Empty">
<status status="FAIL" starttime="20190626 16:15:32.816" endtime="20190626 16:15:32.816" critical="yes">Parent suite setup failed:
WebDriverException: Message: An unknown server-side error occurred while processing the command. Original error: packageAndLaunchActivityFromManifest failed. Original error: Command 'java -jar C\:\\Users\\lhoangphuong\\AppData\\Roaming\\npm\\node_modules\\appium\\node_modules\\appium-adb\\jars\\appium_apk_tools.jar printLaunchActivity 'F:\\Download\\Google Chrome Fast Secure_v74.0.3729.157_apkpure.com.apk' C\:\\Users\\LHOANG~1\\AppData\\Local\\Temp\\com.android.chrome' exited with code 1; StdErr: Exception in thread "main" brut.androlib.AndrolibException: Multiple res specs: anim/0_resource_name_obfuscated
	at brut.androlib.res.data.ResType.addResSpec(ResType.java:58)
	at brut.androlib.res.decoder.ARSCDecoder.readEntry(ARSCDecoder.java:182)
	at brut.androlib.res.decoder.ARSCDecoder.readConfig(ARSCDecoder.java:157)
	at brut.androlib.res.decoder.ARSCDecoder.readType(ARSCDecoder.java:125)
	at brut.androlib.res.decoder.ARSCDecoder.readPackage(ARSCDecoder.java:100)
	at brut.androlib.res.decoder.ARSCDecoder.readTable(ARSCDecoder.java:78)
	at brut.androlib.res.decoder.ARSCDecoder.decode(ARSCDecoder.java:47)
	at brut.androlib.res.AndrolibResources.getResPackagesFromApk(AndrolibResources.java:605)
	at brut.androlib.res.AndrolibResources.loadMainPkg(AndrolibResources.java:74)
	at brut.androlib.res.AndrolibResources.getResTable(AndrolibResources.java:66)
	at io.appium.apktools.AndroidManifestActivityHelper.decodeManifestXML(AndroidManifestActivityHelper.java:26)
	at io.appium.apktools.Main.main(Main.java:33)

</status>
</test>
<kw name="Close Application" library="AppiumLibrary" type="teardown">
<doc>Closes the current application and also close webdriver session.</doc>
<kw name="Capture Page Screenshot" library="AppiumLibrary">
<doc>Takes a screenshot of the current page and embeds it into the log.</doc>
<msg timestamp="20190626 16:15:32.834" level="FAIL">No application is open</msg>
<status status="FAIL" starttime="20190626 16:15:32.832" endtime="20190626 16:15:32.834"></status>
</kw>
<msg timestamp="20190626 16:15:32.835" level="WARN">Keyword 'Capture Page Screenshot' could not be run on failure: No application is open</msg>
<msg timestamp="20190626 16:15:32.850" level="FAIL">No application is open</msg>
<status status="FAIL" starttime="20190626 16:15:32.832" endtime="20190626 16:15:32.850">No application is open</status>
</kw>
<status status="FAIL" starttime="20190626 16:15:31.341" endtime="20190626 16:15:32.850">Suite setup failed:
WebDriverException: Message: An unknown server-side error occurred while processing the command. Original error: packageAndLaunchActivityFromManifest failed. Original error: Command 'java -jar C\:\\Users\\lhoangphuong\\AppData\\Roaming\\npm\\node_modules\\appium\\node_modules\\appium-adb\\jars\\appium_apk_tools.jar printLaunchActivity 'F:\\Download\\Google Chrome Fast Secure_v74.0.3729.157_apkpure.com.apk' C\:\\Users\\LHOANG~1\\AppData\\Local\\Temp\\com.android.chrome' exited with code 1; StdErr: Exception in thread "main" brut.androlib.AndrolibException: Multiple res specs: anim/0_resource_name_obfuscated
	at brut.androlib.res.data.ResType.addResSpec(ResType.java:58)
	at brut.androlib.res.decoder.ARSCDecoder.readEntry(ARSCDecoder.java:182)
	at brut.androlib.res.decoder.ARSCDecoder.readConfig(ARSCDecoder.java:157)
	at brut.androlib.res.decoder.ARSCDecoder.readType(ARSCDecoder.java:125)
	at brut.androlib.res.decoder.ARSCDecoder.readPackage(ARSCDecoder.java:100)
	at brut.androlib.res.decoder.ARSCDecoder.readTable(ARSCDecoder.java:78)
	at brut.androlib.res.decoder.ARSCDecoder.decode(ARSCDecoder.java:47)
	at brut.androlib.res.AndrolibResources.getResPackagesFromApk(AndrolibResources.java:605)
	at brut.androlib.res.AndrolibResources.loadMainPkg(AndrolibResources.java:74)
	at brut.androlib.res.AndrolibResources.getResTable(AndrolibResources.java:66)
	at io.appium.apktools.AndroidManifestActivityHelper.decodeManifestXML(AndroidManifestActivityHelper.java:26)
	at io.appium.apktools.Main.main(Main.java:33)



Also suite teardown failed:
No application is open</status>
</suite>
<statistics>
<total>
<stat pass="0" fail="3">Critical Tests</stat>
<stat pass="0" fail="3">All Tests</stat>
</total>
<tag>
</tag>
<suite>
<stat pass="0" fail="3" id="s1" name="Appium Test">Appium Test</stat>
</suite>
</statistics>
<errors>
<msg timestamp="20190626 16:15:32.781" level="WARN">Keyword 'Capture Page Screenshot' could not be run on failure: No application is open</msg>
<msg timestamp="20190626 16:15:32.835" level="WARN">Keyword 'Capture Page Screenshot' could not be run on failure: No application is open</msg>
</errors>
</robot>
